<?xml version="1.0" encoding="UTF-8"?>
<!-- Generated by org.testng.reporters.JUnitXMLReporter -->
<testsuite hostname="LAPTOP-0AN3T2SM" name="Test-Runner-2" tests="6" failures="2" timestamp="27 Jan 2020 13:28:06 GMT" time="153.135" errors="0">
  <testcase name="testStart" time="14.645" classname="ContactsTest.TestContact2"/>
  <testcase name="TestStart" time="23.909" classname="CampaignTest.CreateCampaignTest"/>
  <testcase name="CampaignTest2" time="0.001" classname="CampaignTest.TestCampaign2">
    <failure type="java.lang.NullPointerException">
      <![CDATA[java.lang.NullPointerException
	at org.openqa.selenium.support.pagefactory.DefaultElementLocator.findElement(DefaultElementLocator.java:69)
	at org.openqa.selenium.support.pagefactory.internal.LocatingElementHandler.invoke(LocatingElementHandler.java:38)
	at com.sun.proxy.$Proxy9.click(Unknown Source)
	at CampaignTest.TestCampaign2.CampaignTest2(TestCampaign2.java:21)
	at java.util.concurrent.FutureTask.run(FutureTask.java:266)
	at java.util.concurrent.ThreadPoolExecutor.runWorker(ThreadPoolExecutor.java:1142)
	at java.util.concurrent.ThreadPoolExecutor$Worker.run(ThreadPoolExecutor.java:617)
	at java.lang.Thread.run(Thread.java:745)
... Removed 16 stack frames]]>
    </failure>
  </testcase> <!-- CampaignTest2 -->
  <testcase name="OrganizationTest2" time="0.002" classname="OrganizationTest.TestOrganization2">
    <failure type="java.lang.NullPointerException">
      <![CDATA[java.lang.NullPointerException
	at org.openqa.selenium.support.pagefactory.DefaultElementLocator.findElement(DefaultElementLocator.java:69)
	at org.openqa.selenium.support.pagefactory.internal.LocatingElementHandler.invoke(LocatingElementHandler.java:38)
	at com.sun.proxy.$Proxy9.click(Unknown Source)
	at OrganizationTest.TestOrganization2.OrganizationTest2(TestOrganization2.java:21)
	at java.util.concurrent.FutureTask.run(FutureTask.java:266)
	at java.util.concurrent.ThreadPoolExecutor.runWorker(ThreadPoolExecutor.java:1142)
	at java.util.concurrent.ThreadPoolExecutor$Worker.run(ThreadPoolExecutor.java:617)
	at java.lang.Thread.run(Thread.java:745)
... Removed 16 stack frames]]>
    </failure>
  </testcase> <!-- OrganizationTest2 -->
  <testcase name="testStart" time="14.006" classname="ContactsTest.CreateContactTest"/>
  <testcase name="TestStart" time="20.823" classname="OrganizationTest.CreateOrganizationTest"/>
</testsuite> <!-- Test-Runner-2 -->
