<?xml version="1.0" encoding="UTF-8"?>
<!-- Generated by org.testng.reporters.JUnitXMLReporter -->
<testsuite hostname="LAPTOP-0AN3T2SM" name="Test-Runner-1" tests="9" failures="0" timestamp="27 Jan 2020 13:54:57 GMT" time="239.119" errors="0">
  <testcase name="CampaignTest1" time="15.943" classname="CampaignTest.TestCampaign1"/>
  <testcase name="testStart" time="17.927" classname="ContactsTest.TestContact1"/>
  <testcase name="OrganizationTest1" time="13.838" classname="OrganizationTest.TestOrganization1"/>
  <testcase name="testStart" time="13.573" classname="ContactsTest.TestContact2"/>
  <testcase name="TestStart" time="21.169" classname="CampaignTest.CreateCampaignTest"/>
  <testcase name="CampaignTest2" time="17.653" classname="CampaignTest.TestCampaign2"/>
  <testcase name="OrganizationTest2" time="14.003" classname="OrganizationTest.TestOrganization2"/>
  <testcase name="testStart" time="14.812" classname="ContactsTest.CreateContactTest"/>
  <testcase name="TestStart" time="19.939" classname="OrganizationTest.CreateOrganizationTest"/>
</testsuite> <!-- Test-Runner-1 -->
