<?xml version="1.0" encoding="UTF-8"?>
<!-- Generated by org.testng.reporters.JUnitReportReporter -->
<testsuite hostname="DESKTOP-JIFDCQ2" name="ContactsTest.First_ExtentReprt" tests="1" failures="0" timestamp="30 Jan 2020 09:33:36 GMT" time="0.020" errors="0">
  <testcase name="firstReporttest" time="0.020" classname="ContactsTest.First_ExtentReprt"/>
</testsuite> <!-- ContactsTest.First_ExtentReprt -->
