<?xml version="1.0" encoding="UTF-8"?>
<!-- Generated by org.testng.reporters.JUnitReportReporter -->
<testsuite hostname="LAPTOP-0AN3T2SM" name="CampaignTest.TestCampaign1" tests="1" failures="0" timestamp="27 Jan 2020 13:54:57 GMT" time="24.878" errors="0">
  <testcase name="CampaignTest1" time="24.878" classname="CampaignTest.TestCampaign1"/>
</testsuite> <!-- CampaignTest.TestCampaign1 -->
