<?xml version="1.0" encoding="UTF-8"?>
<!-- Generated by org.testng.reporters.JUnitReportReporter -->
<testsuite hostname="LAPTOP-0AN3T2SM" name="OrganizationTest.TestOrganization1" tests="1" failures="0" timestamp="27 Jan 2020 13:54:57 GMT" time="22.377" errors="0">
  <testcase name="OrganizationTest1" time="22.377" classname="OrganizationTest.TestOrganization1"/>
</testsuite> <!-- OrganizationTest.TestOrganization1 -->
