<?xml version="1.0" encoding="UTF-8"?>
<!-- Generated by org.testng.reporters.JUnitReportReporter -->
<testsuite hostname="LAPTOP-0AN3T2SM" name="CampaignTest.TestCampaign2" tests="1" failures="0" timestamp="27 Jan 2020 13:54:57 GMT" time="25.209" errors="0">
  <testcase name="CampaignTest2" time="25.209" classname="CampaignTest.TestCampaign2"/>
</testsuite> <!-- CampaignTest.TestCampaign2 -->
